<?xml version="1.0" encoding="UTF-8"?>
<testng-results ignored="0" total="1" passed="1" failed="0" skipped="0">
  <reporter-output>
  </reporter-output>
  <suite started-at="2020-04-23T12:29:30 IST" name="InetBankingV5" finished-at="2020-04-23T12:30:03 IST" duration-ms="33232">
    <groups>
    </groups>
    <test started-at="2020-04-23T12:29:30 IST" name="BankingApp test" finished-at="2020-04-23T12:30:03 IST" duration-ms="33232">
      <class name="com.inetbanking.TestCases.TC_LoginTest_001">
        <test-method is-config="true" signature="Setup(java.lang.String)[pri:0, instance:com.inetbanking.TestCases.TC_LoginTest_001@385c9627]" started-at="2020-04-23T12:29:31 IST" name="Setup" finished-at="2020-04-23T12:29:57 IST" duration-ms="25850" status="PASS">
          <params>
            <param index="0">
              <value>
                <![CDATA[chrome]]>
              </value>
            </param>
          </params>
          <reporter-output>
          </reporter-output>
        </test-method> <!-- Setup -->
        <test-method signature="LoginTest()[pri:0, instance:com.inetbanking.TestCases.TC_LoginTest_001@385c9627]" started-at="2020-04-23T12:29:57 IST" name="LoginTest" finished-at="2020-04-23T12:30:02 IST" duration-ms="4278" status="PASS">
          <reporter-output>
          </reporter-output>
        </test-method> <!-- LoginTest -->
        <test-method is-config="true" signature="teardown()[pri:0, instance:com.inetbanking.TestCases.TC_LoginTest_001@385c9627]" started-at="2020-04-23T12:30:02 IST" name="teardown" finished-at="2020-04-23T12:30:03 IST" duration-ms="1886" status="PASS">
          <reporter-output>
          </reporter-output>
        </test-method> <!-- teardown -->
      </class> <!-- com.inetbanking.TestCases.TC_LoginTest_001 -->
    </test> <!-- BankingApp test -->
  </suite> <!-- InetBankingV5 -->
</testng-results>
