<?xml version="1.0" encoding="UTF-8"?>
<testng-results skipped="0" failed="1" ignored="0" total="1" passed="0">
  <reporter-output>
  </reporter-output>
  <suite name="InetBankingV5" duration-ms="125394" started-at="2020-04-16T13:08:29 IST" finished-at="2020-04-16T13:10:35 IST">
    <groups>
    </groups>
    <test name="BankingApp test" duration-ms="125394" started-at="2020-04-16T13:08:29 IST" finished-at="2020-04-16T13:10:35 IST">
      <class name="com.inetbanking.TestCases.TC_AddCustomerTest_003">
        <test-method status="PASS" signature="Setup(java.lang.String)[pri:0, instance:com.inetbanking.TestCases.TC_AddCustomerTest_003@7a1ebcd8]" name="Setup" is-config="true" duration-ms="114983" started-at="2020-04-16T13:08:30 IST" finished-at="2020-04-16T13:10:25 IST">
          <params>
            <param index="0">
              <value>
                <![CDATA[chrome]]>
              </value>
            </param>
          </params>
          <reporter-output>
          </reporter-output>
        </test-method> <!-- Setup -->
        <test-method status="FAIL" signature="addnewcustomer()[pri:0, instance:com.inetbanking.TestCases.TC_AddCustomerTest_003@7a1ebcd8]" name="addnewcustomer" duration-ms="9092" started-at="2020-04-16T13:10:25 IST" finished-at="2020-04-16T13:10:34 IST">
          <exception class="java.lang.NullPointerException">
            <full-stacktrace>
              <![CDATA[java.lang.NullPointerException
at org.openqa.selenium.support.pagefactory.DefaultElementLocator.findElement(DefaultElementLocator.java:69)
at org.openqa.selenium.support.pagefactory.internal.LocatingElementHandler.invoke(LocatingElementHandler.java:38)
at com.sun.proxy.$Proxy11.click(Unknown Source)
at com.inetbanking.PageObjects.AddCustomerPage.ClickAddNewCustomer(AddCustomerPage.java:78)
at com.inetbanking.TestCases.TC_AddCustomerTest_003.addnewcustomer(TC_AddCustomerTest_003.java:31)
at sun.reflect.NativeMethodAccessorImpl.invoke0(Native Method)
at sun.reflect.NativeMethodAccessorImpl.invoke(Unknown Source)
at sun.reflect.DelegatingMethodAccessorImpl.invoke(Unknown Source)
at java.lang.reflect.Method.invoke(Unknown Source)
at org.testng.internal.MethodInvocationHelper.invokeMethod(MethodInvocationHelper.java:134)
at org.testng.internal.TestInvoker.invokeMethod(TestInvoker.java:597)
at org.testng.internal.TestInvoker.invokeTestMethod(TestInvoker.java:173)
at org.testng.internal.MethodRunner.runInSequence(MethodRunner.java:46)
at org.testng.internal.TestInvoker$MethodInvocationAgent.invoke(TestInvoker.java:816)
at org.testng.internal.TestInvoker.invokeTestMethods(TestInvoker.java:146)
at org.testng.internal.TestMethodWorker.invokeTestMethods(TestMethodWorker.java:146)
at org.testng.internal.TestMethodWorker.run(TestMethodWorker.java:128)
at java.util.ArrayList.forEach(Unknown Source)
at org.testng.TestRunner.privateRun(TestRunner.java:766)
at org.testng.TestRunner.run(TestRunner.java:587)
at org.testng.SuiteRunner.runTest(SuiteRunner.java:384)
at org.testng.SuiteRunner.runSequentially(SuiteRunner.java:378)
at org.testng.SuiteRunner.privateRun(SuiteRunner.java:337)
at org.testng.SuiteRunner.run(SuiteRunner.java:286)
at org.testng.SuiteRunnerWorker.runSuite(SuiteRunnerWorker.java:53)
at org.testng.SuiteRunnerWorker.run(SuiteRunnerWorker.java:96)
at org.testng.TestNG.runSuitesSequentially(TestNG.java:1187)
at org.testng.TestNG.runSuitesLocally(TestNG.java:1109)
at org.testng.TestNG.runSuites(TestNG.java:1039)
at org.testng.TestNG.run(TestNG.java:1007)
at org.testng.remote.AbstractRemoteTestNG.run(AbstractRemoteTestNG.java:115)
at org.testng.remote.RemoteTestNG.initAndRun(RemoteTestNG.java:251)
at org.testng.remote.RemoteTestNG.main(RemoteTestNG.java:77)
]]>
            </full-stacktrace>
          </exception> <!-- java.lang.NullPointerException -->
          <reporter-output>
          </reporter-output>
        </test-method> <!-- addnewcustomer -->
        <test-method status="PASS" signature="teardown()[pri:0, instance:com.inetbanking.TestCases.TC_AddCustomerTest_003@7a1ebcd8]" name="teardown" is-config="true" duration-ms="843" started-at="2020-04-16T13:10:34 IST" finished-at="2020-04-16T13:10:35 IST">
          <reporter-output>
          </reporter-output>
        </test-method> <!-- teardown -->
      </class> <!-- com.inetbanking.TestCases.TC_AddCustomerTest_003 -->
    </test> <!-- BankingApp test -->
  </suite> <!-- InetBankingV5 -->
</testng-results>
