<?xml version="1.0" encoding="UTF-8"?>
<!-- Generated by org.testng.reporters.JUnitXMLReporter -->
<testsuite hostname="hp" ignored="0" name="BankingApp test" tests="1" failures="1" timestamp="2020-04-16T13:10:35 IST" time="125.394" errors="0">
  <testcase name="addnewcustomer" time="9.092" classname="com.inetbanking.TestCases.TC_AddCustomerTest_003">
    <failure type="java.lang.NullPointerException">
      <![CDATA[java.lang.NullPointerException
at org.openqa.selenium.support.pagefactory.DefaultElementLocator.findElement(DefaultElementLocator.java:69)
at org.openqa.selenium.support.pagefactory.internal.LocatingElementHandler.invoke(LocatingElementHandler.java:38)
at com.sun.proxy.$Proxy11.click(Unknown Source)
at com.inetbanking.PageObjects.AddCustomerPage.ClickAddNewCustomer(AddCustomerPage.java:78)
at com.inetbanking.TestCases.TC_AddCustomerTest_003.addnewcustomer(TC_AddCustomerTest_003.java:31)
at java.util.ArrayList.forEach(Unknown Source)
... Removed 27 stack frames]]>
    </failure>
  </testcase> <!-- addnewcustomer -->
</testsuite> <!-- BankingApp test -->
